  BinaryReader.cpp
  BinaryWriter.cpp
  ChatBroadcastPacket.cpp
  ChatChannelEnterAckPacket.cpp
  ChatChannelEnterReqPacket.cpp
  ChatChannelLeaveReqPacket.cpp
  ChatPacket.cpp
  ChatSendReqPacket.cpp
  ErrorPacket.cpp
  LoginFinalizeReqPacket.cpp
  LoginModelSelectAckPacket.cpp
  LoginModelSelectReqPacket.cpp
  LoginNicknameAckPacket.cpp
  LoginNicknameReqPacket.cpp
  LoginPacket.cpp
  LoginSuccessAckPacket.cpp
  LogoutReqPacket.cpp
  Packet.cpp
  StringPacket.cpp
  코드를 생성하고 있습니다...
  Packet.vcxproj -> C:\Users\hongik\Documents\GitHub\GameServer1FinalProject\Server_Code\x64\Debug\Packet.lib
