c:\users\pha21\documents\github\gameserver1finalproject\server_code\x64\debug\packet.pdb
c:\users\pha21\documents\github\gameserver1finalproject\server_code\x64\debug\packet.idb
c:\users\pha21\documents\github\gameserver1finalproject\server_code\packet\x64\debug\stringpacket.obj
c:\users\pha21\documents\github\gameserver1finalproject\server_code\packet\x64\debug\packet.obj
c:\users\pha21\documents\github\gameserver1finalproject\server_code\packet\x64\debug\logoutreqpacket.obj
c:\users\pha21\documents\github\gameserver1finalproject\server_code\packet\x64\debug\loginsuccessackpacket.obj
c:\users\pha21\documents\github\gameserver1finalproject\server_code\packet\x64\debug\loginpacket.obj
c:\users\pha21\documents\github\gameserver1finalproject\server_code\packet\x64\debug\loginnicknamereqpacket.obj
c:\users\pha21\documents\github\gameserver1finalproject\server_code\packet\x64\debug\loginnicknameackpacket.obj
c:\users\pha21\documents\github\gameserver1finalproject\server_code\packet\x64\debug\loginmodelselectreqpacket.obj
c:\users\pha21\documents\github\gameserver1finalproject\server_code\packet\x64\debug\loginmodelselectackpacket.obj
c:\users\pha21\documents\github\gameserver1finalproject\server_code\packet\x64\debug\loginfinalizereqpacket.obj
c:\users\pha21\documents\github\gameserver1finalproject\server_code\packet\x64\debug\errorpacket.obj
c:\users\pha21\documents\github\gameserver1finalproject\server_code\packet\x64\debug\chatsendreqpacket.obj
c:\users\pha21\documents\github\gameserver1finalproject\server_code\packet\x64\debug\chatpacket.obj
c:\users\pha21\documents\github\gameserver1finalproject\server_code\packet\x64\debug\chatchannelleavereqpacket.obj
c:\users\pha21\documents\github\gameserver1finalproject\server_code\packet\x64\debug\chatchannelenterreqpacket.obj
c:\users\pha21\documents\github\gameserver1finalproject\server_code\packet\x64\debug\chatchannelenterackpacket.obj
c:\users\pha21\documents\github\gameserver1finalproject\server_code\packet\x64\debug\chatbroadcastpacket.obj
c:\users\pha21\documents\github\gameserver1finalproject\server_code\packet\x64\debug\binarywriter.obj
c:\users\pha21\documents\github\gameserver1finalproject\server_code\packet\x64\debug\binaryreader.obj
c:\users\pha21\documents\github\gameserver1finalproject\server_code\x64\debug\packet.lib
c:\users\pha21\documents\github\gameserver1finalproject\server_code\packet\x64\debug\packet.tlog\cl.command.1.tlog
c:\users\pha21\documents\github\gameserver1finalproject\server_code\packet\x64\debug\packet.tlog\cl.items.tlog
c:\users\pha21\documents\github\gameserver1finalproject\server_code\packet\x64\debug\packet.tlog\cl.read.1.tlog
c:\users\pha21\documents\github\gameserver1finalproject\server_code\packet\x64\debug\packet.tlog\cl.write.1.tlog
c:\users\pha21\documents\github\gameserver1finalproject\server_code\packet\x64\debug\packet.tlog\lib-link.read.1.tlog
c:\users\pha21\documents\github\gameserver1finalproject\server_code\packet\x64\debug\packet.tlog\lib-link.write.1.tlog
c:\users\pha21\documents\github\gameserver1finalproject\server_code\packet\x64\debug\packet.tlog\lib.command.1.tlog
